<?xml version="1.0" encoding="UTF-8"?>
<testng-results skipped="0" failed="0" total="1" passed="1">
  <reporter-output>
  </reporter-output>
  <suite name="Suite" duration-ms="13" started-at="2019-07-08T09:10:34Z" finished-at="2019-07-08T09:10:34Z">
    <groups>
    </groups>
    <test name="Test" duration-ms="13" started-at="2019-07-08T09:10:34Z" finished-at="2019-07-08T09:10:34Z">
      <class name="TestGroup.Test.TestFile1">
        <test-method status="PASS" signature="TestA()[pri:0, instance:TestGroup.Test.TestFile1@2d6e8792]" name="TestA" duration-ms="6" started-at="2019-07-08T14:40:34Z" finished-at="2019-07-08T14:40:34Z">
          <reporter-output>
          </reporter-output>
        </test-method> <!-- TestA -->
      </class> <!-- TestGroup.Test.TestFile1 -->
    </test> <!-- Test -->
  </suite> <!-- Suite -->
</testng-results>
