<?xml version="1.0" encoding="UTF-8"?>
<!-- Generated by org.testng.reporters.JUnitXMLReporter -->
<testsuite hostname="WKWIN1994525" name="Default test" tests="5" failures="0" timestamp="9 Jul 2019 05:00:25 GMT" time="0.022" errors="0">
  <testcase name="TestA" time="0.008" classname="TestGroup.Test.TestGrouping"/>
  <testcase name="TestB" time="0.001" classname="TestGroup.Test.TestGrouping"/>
  <testcase name="TestC" time="0.001" classname="TestGroup.Test.TestGrouping"/>
  <testcase name="TestD" time="0.001" classname="TestGroup.Test.TestGrouping"/>
  <testcase name="TestE" time="0.001" classname="TestGroup.Test.TestGrouping"/>
</testsuite> <!-- Default test -->
