<?xml version="1.0" encoding="UTF-8"?>
<!-- Generated by org.testng.reporters.JUnitXMLReporter -->
<testsuite hostname="WKWIN1994525" name="Test" tests="3" failures="0" timestamp="9 Jul 2019 05:05:19 GMT" time="0.021" errors="0">
  <testcase name="TestA" time="0.007" classname="TestGroup.Test.TestGrouping"/>
  <testcase name="TestB" time="0.001" classname="TestGroup.Test.TestGrouping"/>
  <testcase name="TestD" time="0.001" classname="TestGroup.Test.TestGrouping"/>
</testsuite> <!-- Test -->
